<?xml version="1.0" encoding="UTF-8"?>
<testng-results skipped="0" failed="0" total="1" passed="1">
  <reporter-output>
  </reporter-output>
  <suite name="Default suite" duration-ms="3255" started-at="2019-09-16T09:35:20Z" finished-at="2019-09-16T09:35:24Z">
    <groups>
    </groups>
    <test name="Default test" duration-ms="3255" started-at="2019-09-16T09:35:20Z" finished-at="2019-09-16T09:35:24Z">
      <class name="RestAssuredTestCases.Testcase1_Get_Request">
        <test-method status="PASS" signature="getweatherDetails()[pri:0, instance:RestAssuredTestCases.Testcase1_Get_Request@4563e9ab]" name="getweatherDetails" duration-ms="3237" started-at="2019-09-16T15:05:20Z" finished-at="2019-09-16T15:05:24Z">
          <reporter-output>
          </reporter-output>
        </test-method> <!-- getweatherDetails -->
      </class> <!-- RestAssuredTestCases.Testcase1_Get_Request -->
    </test> <!-- Default test -->
  </suite> <!-- Default suite -->
</testng-results>
